#################### THIS LOG WAS CREATED Fri Jun 22 17:44:21 ART 2018 ####################
RTDMConfigTest
_SAS_CONTACT_HISTORY_DS2_FLOW
_SAS_DYNAMIC_TREATMENT_DS2_FLOW
_SAS_PRESENTED_TREATMENT_DS2_FLOW
_SAS_RESPONSE_HISTORY_DS2_FLOW
WS_01_SUBDIAGRAMA_1_BBBEIKWKUJF4VWZD
WS_01_GENERAL_1_CCBGJSGUBFFIQYGH
HeavyUser_05_General_1_DHDGB5T4IBE5SW4T
HeavyUser_05_Subdiagrama_1_GABD2RVPUVCFTSPH
Publicidad_01_General_1_AEHAJ0U1YJDCRFYM
Publicidad_01_Subdiagrama_1_HBDBDHN3ZFBKVURC
TEST_GROOVY_CELDA_1_GGHB2AVORRBWW1BI
Pase_10_Subdiagrama_1_BCBDZUE3GRC0UMEI
Pase_10_General_1_GDADVMM3LFELURGH
CalidadRed_07_General_1_ECGBEHH1FJGTR1LI
CalidadRed_07_Subdiagrama_competencia_1_CCBEN1NIZREZTE5D
CalidadRed_07_Subdiagrama_1_GGEFVSIINNBEV2VA
FraudeLDI_01_Subdigrama_1_BBCG4EDEVBCMVRGT
FraudeLDI_01_General_1_HBDCBGZ0XBHETCXL
Elegi_Tu_App_01_1_CAEEUCH4PZEOWFIX
Oferta_Prepago_Subdiagrama_01_1_HCBGHFDLZRFGV1GO
Oferta_Prepago_Gral_01_1_CFDEQEDDPRHLXTF3
Prepago_Nominacion_Subdiagrama_01_1_BFEFDBA4BFFKWUAV
Prepago_Nominacion_Gral_01_1_DFEFODXB2RDYTOFL
Roaming_06_General_1_CECGSLZGZZDGUDCA
Roaming_06_Subdiagrama_1_HFGDHINVVZBYU50B
Postpago_19_Control_Bono_Datos_Contra_Sal_1_DEFF1BIHL3FFRHEJ
Postpago_19_Control_Cambio_Plan_1_EDAAEQGK23DHVNB0
Postpago_19_Control_Recarga_1_BDDC51AUWFF5XQ2S
Prepago_23_Subdiagrama_Recarga__1E_1_FCHHTHDZTFBMWFAO
Prepago_23_Subdiagrama_Paquetizado_1E_1_DCDGRUJWX3HPTDNQ
Prepago_23_Subdiagrama_Dormidos_1E_1_FFDFPFIIZVHSVUUR
Prepago_23_Subdiagrama_Consumo_1E_1_ECGEDFW2JFA3VRJS
Prepago_23_Gral_1E_1_AEFHMSGNTBGVXOSZ
#################### END of LOG Fri Jun 22 17:44:21 ART 2018 ####################
#################### THIS LOG WAS CREATED Sat Jun 23 00:30:16 ART 2018 ####################
RTDMConfigTest
_SAS_CONTACT_HISTORY_DS2_FLOW
_SAS_DYNAMIC_TREATMENT_DS2_FLOW
_SAS_PRESENTED_TREATMENT_DS2_FLOW
_SAS_RESPONSE_HISTORY_DS2_FLOW
WS_01_SUBDIAGRAMA_1_BBBEIKWKUJF4VWZD
WS_01_GENERAL_1_CCBGJSGUBFFIQYGH
HeavyUser_05_General_1_DHDGB5T4IBE5SW4T
HeavyUser_05_Subdiagrama_1_GABD2RVPUVCFTSPH
Publicidad_01_General_1_AEHAJ0U1YJDCRFYM
Publicidad_01_Subdiagrama_1_HBDBDHN3ZFBKVURC
TEST_GROOVY_CELDA_1_GGHB2AVORRBWW1BI
Pase_10_Subdiagrama_1_BCBDZUE3GRC0UMEI
Pase_10_General_1_GDADVMM3LFELURGH
CalidadRed_07_General_1_ECGBEHH1FJGTR1LI
CalidadRed_07_Subdiagrama_competencia_1_CCBEN1NIZREZTE5D
CalidadRed_07_Subdiagrama_1_GGEFVSIINNBEV2VA
FraudeLDI_01_Subdigrama_1_BBCG4EDEVBCMVRGT
FraudeLDI_01_General_1_HBDCBGZ0XBHETCXL
Elegi_Tu_App_01_1_CAEEUCH4PZEOWFIX
Oferta_Prepago_Subdiagrama_01_1_HCBGHFDLZRFGV1GO
Oferta_Prepago_Gral_01_1_CFDEQEDDPRHLXTF3
Prepago_Nominacion_Subdiagrama_01_1_BFEFDBA4BFFKWUAV
Prepago_Nominacion_Gral_01_1_DFEFODXB2RDYTOFL
Roaming_06_General_1_CECGSLZGZZDGUDCA
Roaming_06_Subdiagrama_1_HFGDHINVVZBYU50B
Postpago_19_Control_Bono_Datos_Contra_Sal_1_DEFF1BIHL3FFRHEJ
Postpago_19_Control_Cambio_Plan_1_EDAAEQGK23DHVNB0
Postpago_19_Control_Recarga_1_BDDC51AUWFF5XQ2S
Prepago_23_Subdiagrama_Recarga__1E_1_FCHHTHDZTFBMWFAO
Prepago_23_Subdiagrama_Paquetizado_1E_1_DCDGRUJWX3HPTDNQ
Prepago_23_Subdiagrama_Dormidos_1E_1_FFDFPFIIZVHSVUUR
Prepago_23_Subdiagrama_Consumo_1E_1_ECGEDFW2JFA3VRJS
Prepago_23_Gral_1E_1_AEFHMSGNTBGVXOSZ
#################### END of LOG Sat Jun 23 00:30:16 ART 2018 ####################
#################### THIS LOG WAS CREATED Wed Jun 27 15:42:08 ART 2018 ####################
RTDMConfigTest
_SAS_CONTACT_HISTORY_DS2_FLOW
_SAS_DYNAMIC_TREATMENT_DS2_FLOW
_SAS_PRESENTED_TREATMENT_DS2_FLOW
_SAS_RESPONSE_HISTORY_DS2_FLOW
WS_01_SUBDIAGRAMA_1_BBBEIKWKUJF4VWZD
WS_01_GENERAL_1_CCBGJSGUBFFIQYGH
HeavyUser_05_General_1_DHDGB5T4IBE5SW4T
HeavyUser_05_Subdiagrama_1_GABD2RVPUVCFTSPH
Publicidad_01_General_1_AEHAJ0U1YJDCRFYM
Publicidad_01_Subdiagrama_1_HBDBDHN3ZFBKVURC
TEST_GROOVY_CELDA_1_GGHB2AVORRBWW1BI
Pase_10_Subdiagrama_1_BCBDZUE3GRC0UMEI
Pase_10_General_1_GDADVMM3LFELURGH
CalidadRed_07_General_1_ECGBEHH1FJGTR1LI
CalidadRed_07_Subdiagrama_competencia_1_CCBEN1NIZREZTE5D
CalidadRed_07_Subdiagrama_1_GGEFVSIINNBEV2VA
FraudeLDI_01_Subdigrama_1_BBCG4EDEVBCMVRGT
FraudeLDI_01_General_1_HBDCBGZ0XBHETCXL
Elegi_Tu_App_01_1_CAEEUCH4PZEOWFIX
Oferta_Prepago_Subdiagrama_01_1_HCBGHFDLZRFGV1GO
Oferta_Prepago_Gral_01_1_CFDEQEDDPRHLXTF3
Prepago_Nominacion_Subdiagrama_01_1_BFEFDBA4BFFKWUAV
Prepago_Nominacion_Gral_01_1_DFEFODXB2RDYTOFL
Roaming_06_General_1_CECGSLZGZZDGUDCA
Roaming_06_Subdiagrama_1_HFGDHINVVZBYU50B
Postpago_19_Control_Bono_Datos_Contra_Sal_1_DEFF1BIHL3FFRHEJ
Postpago_19_Control_Cambio_Plan_1_EDAAEQGK23DHVNB0
Postpago_19_Control_Recarga_1_BDDC51AUWFF5XQ2S
Prepago_23_Subdiagrama_Recarga__1E_1_FCHHTHDZTFBMWFAO
Prepago_23_Subdiagrama_Paquetizado_1E_1_DCDGRUJWX3HPTDNQ
Prepago_23_Subdiagrama_Dormidos_1E_1_FFDFPFIIZVHSVUUR
Prepago_23_Subdiagrama_Consumo_1E_1_ECGEDFW2JFA3VRJS
Prepago_23_Gral_1E_1_AEFHMSGNTBGVXOSZ
#################### END of LOG Wed Jun 27 15:42:08 ART 2018 ####################
#################### THIS LOG WAS CREATED Mon Jul 16 08:47:22 ART 2018 ####################
#################### THIS LOG WAS CREATED Mon Jul 16 08:47:22 ART 2018 ####################
RTDMConfigTest
_SAS_CONTACT_HISTORY_DS2_FLOW
_SAS_DYNAMIC_TREATMENT_DS2_FLOW
_SAS_PRESENTED_TREATMENT_DS2_FLOW
_SAS_RESPONSE_HISTORY_DS2_FLOW
WS_01_SUBDIAGRAMA_1_BBBEIKWKUJF4VWZD
WS_01_GENERAL_1_CCBGJSGUBFFIQYGH
HeavyUser_05_General_1_DHDGB5T4IBE5SW4T
HeavyUser_05_Subdiagrama_1_GABD2RVPUVCFTSPH
Publicidad_01_General_1_AEHAJ0U1YJDCRFYM
Publicidad_01_Subdiagrama_1_HBDBDHN3ZFBKVURC
TEST_GROOVY_CELDA_1_GGHB2AVORRBWW1BI
Pase_10_Subdiagrama_1_BCBDZUE3GRC0UMEI
Pase_10_General_1_GDADVMM3LFELURGH
CalidadRed_07_General_1_ECGBEHH1FJGTR1LI
CalidadRed_07_Subdiagrama_competencia_1_CCBEN1NIZREZTE5D
CalidadRed_07_Subdiagrama_1_GGEFVSIINNBEV2VA
FraudeLDI_01_Subdigrama_1_BBCG4EDEVBCMVRGT
FraudeLDI_01_General_1_HBDCBGZ0XBHETCXL
Elegi_Tu_App_01_1_CAEEUCH4PZEOWFIX
Oferta_Prepago_Subdiagrama_01_1_HCBGHFDLZRFGV1GO
Oferta_Prepago_Gral_01_1_CFDEQEDDPRHLXTF3
Prepago_Nominacion_Subdiagrama_01_1_BFEFDBA4BFFKWUAV
Prepago_Nominacion_Gral_01_1_DFEFODXB2RDYTOFL
Roaming_06_General_1_CECGSLZGZZDGUDCA
Roaming_06_Subdiagrama_1_HFGDHINVVZBYU50B
Postpago_19_Control_Bono_Datos_Contra_Sal_1_DEFF1BIHL3FFRHEJ
Postpago_19_Control_Cambio_Plan_1_EDAAEQGK23DHVNB0
Postpago_19_Control_Recarga_1_BDDC51AUWFF5XQ2S
Prepago_23_Subdiagrama_Recarga__1E_1_FCHHTHDZTFBMWFAO
Prepago_23_Subdiagrama_Paquetizado_1E_1_DCDGRUJWX3HPTDNQ
Prepago_23_Subdiagrama_Dormidos_1E_1_FFDFPFIIZVHSVUUR
Prepago_23_Subdiagrama_Consumo_1E_1_ECGEDFW2JFA3VRJS
Prepago_23_Gral_1E_1_AEFHMSGNTBGVXOSZ
#################### END of LOG Mon Jul 16 08:47:22 ART 2018 ####################
#################### THIS LOG WAS CREATED Mon Jul 16 09:06:02 ART 2018 ####################
RTDMConfigTest
_SAS_CONTACT_HISTORY_DS2_FLOW
_SAS_DYNAMIC_TREATMENT_DS2_FLOW
_SAS_PRESENTED_TREATMENT_DS2_FLOW
_SAS_RESPONSE_HISTORY_DS2_FLOW
WS_01_SUBDIAGRAMA_1_BBBEIKWKUJF4VWZD
WS_01_GENERAL_1_CCBGJSGUBFFIQYGH
HeavyUser_05_General_1_DHDGB5T4IBE5SW4T
HeavyUser_05_Subdiagrama_1_GABD2RVPUVCFTSPH
Publicidad_01_General_1_AEHAJ0U1YJDCRFYM
Publicidad_01_Subdiagrama_1_HBDBDHN3ZFBKVURC
TEST_GROOVY_CELDA_1_GGHB2AVORRBWW1BI
Pase_10_Subdiagrama_1_BCBDZUE3GRC0UMEI
Pase_10_General_1_GDADVMM3LFELURGH
CalidadRed_07_General_1_ECGBEHH1FJGTR1LI
CalidadRed_07_Subdiagrama_competencia_1_CCBEN1NIZREZTE5D
CalidadRed_07_Subdiagrama_1_GGEFVSIINNBEV2VA
FraudeLDI_01_Subdigrama_1_BBCG4EDEVBCMVRGT
FraudeLDI_01_General_1_HBDCBGZ0XBHETCXL
Elegi_Tu_App_01_1_CAEEUCH4PZEOWFIX
Oferta_Prepago_Subdiagrama_01_1_HCBGHFDLZRFGV1GO
Oferta_Prepago_Gral_01_1_CFDEQEDDPRHLXTF3
Prepago_Nominacion_Subdiagrama_01_1_BFEFDBA4BFFKWUAV
Prepago_Nominacion_Gral_01_1_DFEFODXB2RDYTOFL
Roaming_06_General_1_CECGSLZGZZDGUDCA
Roaming_06_Subdiagrama_1_HFGDHINVVZBYU50B
Postpago_19_Control_Bono_Datos_Contra_Sal_1_DEFF1BIHL3FFRHEJ
Postpago_19_Control_Cambio_Plan_1_EDAAEQGK23DHVNB0
Postpago_19_Control_Recarga_1_BDDC51AUWFF5XQ2S
Prepago_23_Subdiagrama_Recarga__1E_1_FCHHTHDZTFBMWFAO
Prepago_23_Subdiagrama_Paquetizado_1E_1_DCDGRUJWX3HPTDNQ
Prepago_23_Subdiagrama_Dormidos_1E_1_FFDFPFIIZVHSVUUR
Prepago_23_Subdiagrama_Consumo_1E_1_ECGEDFW2JFA3VRJS
Prepago_23_Gral_1E_1_AEFHMSGNTBGVXOSZ
#################### END of LOG Mon Jul 16 09:06:02 ART 2018 ####################
#################### THIS LOG WAS CREATED Tue Jul 17 17:54:29 ART 2018 ####################
RTDMConfigTest
_SAS_CONTACT_HISTORY_DS2_FLOW
_SAS_DYNAMIC_TREATMENT_DS2_FLOW
_SAS_PRESENTED_TREATMENT_DS2_FLOW
_SAS_RESPONSE_HISTORY_DS2_FLOW
WS_01_SUBDIAGRAMA_1_BBBEIKWKUJF4VWZD
WS_01_GENERAL_1_CCBGJSGUBFFIQYGH
HeavyUser_05_General_1_DHDGB5T4IBE5SW4T
HeavyUser_05_Subdiagrama_1_GABD2RVPUVCFTSPH
Publicidad_01_General_1_AEHAJ0U1YJDCRFYM
Publicidad_01_Subdiagrama_1_HBDBDHN3ZFBKVURC
TEST_GROOVY_CELDA_1_GGHB2AVORRBWW1BI
Pase_10_Subdiagrama_1_BCBDZUE3GRC0UMEI
Pase_10_General_1_GDADVMM3LFELURGH
CalidadRed_07_General_1_ECGBEHH1FJGTR1LI
CalidadRed_07_Subdiagrama_competencia_1_CCBEN1NIZREZTE5D
CalidadRed_07_Subdiagrama_1_GGEFVSIINNBEV2VA
FraudeLDI_01_Subdigrama_1_BBCG4EDEVBCMVRGT
FraudeLDI_01_General_1_HBDCBGZ0XBHETCXL
Elegi_Tu_App_01_1_CAEEUCH4PZEOWFIX
Oferta_Prepago_Subdiagrama_01_1_HCBGHFDLZRFGV1GO
Oferta_Prepago_Gral_01_1_CFDEQEDDPRHLXTF3
Prepago_Nominacion_Subdiagrama_01_1_BFEFDBA4BFFKWUAV
Prepago_Nominacion_Gral_01_1_DFEFODXB2RDYTOFL
Roaming_06_General_1_CECGSLZGZZDGUDCA
Roaming_06_Subdiagrama_1_HFGDHINVVZBYU50B
Postpago_19_Control_Bono_Datos_Contra_Sal_1_DEFF1BIHL3FFRHEJ
Postpago_19_Control_Cambio_Plan_1_EDAAEQGK23DHVNB0
Postpago_19_Control_Recarga_1_BDDC51AUWFF5XQ2S
#################### END of LOG Tue Jul 17 17:54:29 ART 2018 ####################
#################### THIS LOG WAS CREATED Wed Jul 18 10:33:32 ART 2018 ####################
RTDMConfigTest
_SAS_CONTACT_HISTORY_DS2_FLOW
_SAS_DYNAMIC_TREATMENT_DS2_FLOW
_SAS_PRESENTED_TREATMENT_DS2_FLOW
_SAS_RESPONSE_HISTORY_DS2_FLOW
WS_01_SUBDIAGRAMA_1_BBBEIKWKUJF4VWZD
WS_01_GENERAL_1_CCBGJSGUBFFIQYGH
HeavyUser_05_General_1_DHDGB5T4IBE5SW4T
HeavyUser_05_Subdiagrama_1_GABD2RVPUVCFTSPH
Publicidad_01_General_1_AEHAJ0U1YJDCRFYM
Publicidad_01_Subdiagrama_1_HBDBDHN3ZFBKVURC
TEST_GROOVY_CELDA_1_GGHB2AVORRBWW1BI
Pase_10_Subdiagrama_1_BCBDZUE3GRC0UMEI
Pase_10_General_1_GDADVMM3LFELURGH
CalidadRed_07_General_1_ECGBEHH1FJGTR1LI
CalidadRed_07_Subdiagrama_competencia_1_CCBEN1NIZREZTE5D
CalidadRed_07_Subdiagrama_1_GGEFVSIINNBEV2VA
FraudeLDI_01_Subdigrama_1_BBCG4EDEVBCMVRGT
FraudeLDI_01_General_1_HBDCBGZ0XBHETCXL
Elegi_Tu_App_01_1_CAEEUCH4PZEOWFIX
Oferta_Prepago_Subdiagrama_01_1_HCBGHFDLZRFGV1GO
Oferta_Prepago_Gral_01_1_CFDEQEDDPRHLXTF3
Prepago_Nominacion_Subdiagrama_01_1_BFEFDBA4BFFKWUAV
Prepago_Nominacion_Gral_01_1_DFEFODXB2RDYTOFL
Roaming_06_General_1_CECGSLZGZZDGUDCA
Roaming_06_Subdiagrama_1_HFGDHINVVZBYU50B
Postpago_19_Control_Bono_Datos_Contra_Sal_1_DEFF1BIHL3FFRHEJ
Postpago_19_Control_Cambio_Plan_1_EDAAEQGK23DHVNB0
Postpago_19_Control_Recarga_1_BDDC51AUWFF5XQ2S
Prepago_23_Subdiagrama_Recarga__1E_1_FCHHTHDZTFBMWFAO
Prepago_23_Subdiagrama_Paquetizado_1E_1_DCDGRUJWX3HPTDNQ
Prepago_23_Subdiagrama_Dormidos_1E_1_FFDFPFIIZVHSVUUR
Prepago_23_Subdiagrama_Consumo_1E_1_ECGEDFW2JFA3VRJS
Prepago_23_Gral_1E_1_AEFHMSGNTBGVXOSZ
#################### END of LOG Wed Jul 18 10:33:32 ART 2018 ####################
#################### THIS LOG WAS CREATED Wed Jul 18 17:50:46 ART 2018 ####################
RTDMConfigTest
_SAS_CONTACT_HISTORY_DS2_FLOW
_SAS_DYNAMIC_TREATMENT_DS2_FLOW
_SAS_PRESENTED_TREATMENT_DS2_FLOW
_SAS_RESPONSE_HISTORY_DS2_FLOW
WS_01_SUBDIAGRAMA_1_BBBEIKWKUJF4VWZD
WS_01_GENERAL_1_CCBGJSGUBFFIQYGH
HeavyUser_05_General_1_DHDGB5T4IBE5SW4T
HeavyUser_05_Subdiagrama_1_GABD2RVPUVCFTSPH
Publicidad_01_General_1_AEHAJ0U1YJDCRFYM
Publicidad_01_Subdiagrama_1_HBDBDHN3ZFBKVURC
TEST_GROOVY_CELDA_1_GGHB2AVORRBWW1BI
Pase_10_Subdiagrama_1_BCBDZUE3GRC0UMEI
Pase_10_General_1_GDADVMM3LFELURGH
CalidadRed_07_General_1_ECGBEHH1FJGTR1LI
CalidadRed_07_Subdiagrama_competencia_1_CCBEN1NIZREZTE5D
CalidadRed_07_Subdiagrama_1_GGEFVSIINNBEV2VA
FraudeLDI_01_Subdigrama_1_BBCG4EDEVBCMVRGT
FraudeLDI_01_General_1_HBDCBGZ0XBHETCXL
Elegi_Tu_App_01_1_CAEEUCH4PZEOWFIX
Oferta_Prepago_Subdiagrama_01_1_HCBGHFDLZRFGV1GO
Oferta_Prepago_Gral_01_1_CFDEQEDDPRHLXTF3
Prepago_Nominacion_Subdiagrama_01_1_BFEFDBA4BFFKWUAV
Prepago_Nominacion_Gral_01_1_DFEFODXB2RDYTOFL
Roaming_06_General_1_CECGSLZGZZDGUDCA
Roaming_06_Subdiagrama_1_HFGDHINVVZBYU50B
Postpago_19_Control_Bono_Datos_Contra_Sal_1_DEFF1BIHL3FFRHEJ
Postpago_19_Control_Cambio_Plan_1_EDAAEQGK23DHVNB0
Postpago_19_Control_Recarga_1_BDDC51AUWFF5XQ2S
Prepago_23_Subdiagrama_Recarga__1E_1_FCHHTHDZTFBMWFAO
Prepago_23_Subdiagrama_Paquetizado_1E_1_DCDGRUJWX3HPTDNQ
Prepago_23_Subdiagrama_Dormidos_1E_1_FFDFPFIIZVHSVUUR
Prepago_23_Subdiagrama_Consumo_1E_1_ECGEDFW2JFA3VRJS
Prepago_23_Gral_1E_1_AEFHMSGNTBGVXOSZ
#################### END of LOG Wed Jul 18 17:50:46 ART 2018 ####################
#################### THIS LOG WAS CREATED Sun Jul 22 02:06:56 ART 2018 ####################
RTDMConfigTest
_SAS_CONTACT_HISTORY_DS2_FLOW
_SAS_DYNAMIC_TREATMENT_DS2_FLOW
_SAS_PRESENTED_TREATMENT_DS2_FLOW
_SAS_RESPONSE_HISTORY_DS2_FLOW
WS_01_SUBDIAGRAMA_1_BBBEIKWKUJF4VWZD
WS_01_GENERAL_1_CCBGJSGUBFFIQYGH
HeavyUser_05_General_1_DHDGB5T4IBE5SW4T
HeavyUser_05_Subdiagrama_1_GABD2RVPUVCFTSPH
Publicidad_01_General_1_AEHAJ0U1YJDCRFYM
Publicidad_01_Subdiagrama_1_HBDBDHN3ZFBKVURC
TEST_GROOVY_CELDA_1_GGHB2AVORRBWW1BI
Pase_10_Subdiagrama_1_BCBDZUE3GRC0UMEI
Pase_10_General_1_GDADVMM3LFELURGH
CalidadRed_07_General_1_ECGBEHH1FJGTR1LI
CalidadRed_07_Subdiagrama_competencia_1_CCBEN1NIZREZTE5D
CalidadRed_07_Subdiagrama_1_GGEFVSIINNBEV2VA
FraudeLDI_01_Subdigrama_1_BBCG4EDEVBCMVRGT
FraudeLDI_01_General_1_HBDCBGZ0XBHETCXL
Elegi_Tu_App_01_1_CAEEUCH4PZEOWFIX
Oferta_Prepago_Subdiagrama_01_1_HCBGHFDLZRFGV1GO
Oferta_Prepago_Gral_01_1_CFDEQEDDPRHLXTF3
Prepago_Nominacion_Subdiagrama_01_1_BFEFDBA4BFFKWUAV
Prepago_Nominacion_Gral_01_1_DFEFODXB2RDYTOFL
Roaming_06_General_1_CECGSLZGZZDGUDCA
Roaming_06_Subdiagrama_1_HFGDHINVVZBYU50B
Postpago_19_Control_Bono_Datos_Contra_Sal_1_DEFF1BIHL3FFRHEJ
Postpago_19_Control_Cambio_Plan_1_EDAAEQGK23DHVNB0
Postpago_19_Control_Recarga_1_BDDC51AUWFF5XQ2S
Prepago_23_Subdiagrama_Recarga__1E_1_FCHHTHDZTFBMWFAO
Prepago_23_Subdiagrama_Paquetizado_1E_1_DCDGRUJWX3HPTDNQ
Prepago_23_Subdiagrama_Dormidos_1E_1_FFDFPFIIZVHSVUUR
Prepago_23_Subdiagrama_Consumo_1E_1_ECGEDFW2JFA3VRJS
Prepago_23_Gral_1E_1_AEFHMSGNTBGVXOSZ
#################### END of LOG Sun Jul 22 02:06:56 ART 2018 ####################
#################### THIS LOG WAS CREATED Mon Jul 23 16:56:56 ART 2018 ####################
RTDMConfigTest
_SAS_CONTACT_HISTORY_DS2_FLOW
_SAS_DYNAMIC_TREATMENT_DS2_FLOW
_SAS_PRESENTED_TREATMENT_DS2_FLOW
_SAS_RESPONSE_HISTORY_DS2_FLOW
WS_01_SUBDIAGRAMA_1_BBBEIKWKUJF4VWZD
WS_01_GENERAL_1_CCBGJSGUBFFIQYGH
HeavyUser_05_General_1_DHDGB5T4IBE5SW4T
HeavyUser_05_Subdiagrama_1_GABD2RVPUVCFTSPH
Publicidad_01_General_1_AEHAJ0U1YJDCRFYM
Publicidad_01_Subdiagrama_1_HBDBDHN3ZFBKVURC
TEST_GROOVY_CELDA_1_GGHB2AVORRBWW1BI
Pase_10_Subdiagrama_1_BCBDZUE3GRC0UMEI
Pase_10_General_1_GDADVMM3LFELURGH
CalidadRed_07_General_1_ECGBEHH1FJGTR1LI
CalidadRed_07_Subdiagrama_competencia_1_CCBEN1NIZREZTE5D
CalidadRed_07_Subdiagrama_1_GGEFVSIINNBEV2VA
FraudeLDI_01_Subdigrama_1_BBCG4EDEVBCMVRGT
FraudeLDI_01_General_1_HBDCBGZ0XBHETCXL
Elegi_Tu_App_01_1_CAEEUCH4PZEOWFIX
Oferta_Prepago_Subdiagrama_01_1_HCBGHFDLZRFGV1GO
Oferta_Prepago_Gral_01_1_CFDEQEDDPRHLXTF3
Prepago_Nominacion_Subdiagrama_01_1_BFEFDBA4BFFKWUAV
Prepago_Nominacion_Gral_01_1_DFEFODXB2RDYTOFL
Roaming_06_General_1_CECGSLZGZZDGUDCA
Roaming_06_Subdiagrama_1_HFGDHINVVZBYU50B
Postpago_19_Control_Bono_Datos_Contra_Sal_1_DEFF1BIHL3FFRHEJ
Postpago_19_Control_Cambio_Plan_1_EDAAEQGK23DHVNB0
Postpago_19_Control_Recarga_1_BDDC51AUWFF5XQ2S
Prepago_23_Subdiagrama_Recarga__1E_1_FCHHTHDZTFBMWFAO
Prepago_23_Subdiagrama_Paquetizado_1E_1_DCDGRUJWX3HPTDNQ
Prepago_23_Subdiagrama_Dormidos_1E_1_FFDFPFIIZVHSVUUR
Prepago_23_Subdiagrama_Consumo_1E_1_ECGEDFW2JFA3VRJS
Prepago_23_Gral_1E_1_AEFHMSGNTBGVXOSZ
#################### END of LOG Mon Jul 23 16:56:56 ART 2018 ####################
#################### THIS LOG WAS CREATED Tue Jul 24 19:32:47 ART 2018 ####################
RTDMConfigTest
_SAS_CONTACT_HISTORY_DS2_FLOW
_SAS_DYNAMIC_TREATMENT_DS2_FLOW
_SAS_PRESENTED_TREATMENT_DS2_FLOW
_SAS_RESPONSE_HISTORY_DS2_FLOW
WS_01_SUBDIAGRAMA_1_BBBEIKWKUJF4VWZD
WS_01_GENERAL_1_CCBGJSGUBFFIQYGH
HeavyUser_05_General_1_DHDGB5T4IBE5SW4T
HeavyUser_05_Subdiagrama_1_GABD2RVPUVCFTSPH
Publicidad_01_General_1_AEHAJ0U1YJDCRFYM
Publicidad_01_Subdiagrama_1_HBDBDHN3ZFBKVURC
TEST_GROOVY_CELDA_1_GGHB2AVORRBWW1BI
Pase_10_Subdiagrama_1_BCBDZUE3GRC0UMEI
Pase_10_General_1_GDADVMM3LFELURGH
CalidadRed_07_General_1_ECGBEHH1FJGTR1LI
CalidadRed_07_Subdiagrama_competencia_1_CCBEN1NIZREZTE5D
CalidadRed_07_Subdiagrama_1_GGEFVSIINNBEV2VA
FraudeLDI_01_Subdigrama_1_BBCG4EDEVBCMVRGT
FraudeLDI_01_General_1_HBDCBGZ0XBHETCXL
Elegi_Tu_App_01_1_CAEEUCH4PZEOWFIX
Oferta_Prepago_Subdiagrama_01_1_HCBGHFDLZRFGV1GO
Oferta_Prepago_Gral_01_1_CFDEQEDDPRHLXTF3
Prepago_Nominacion_Subdiagrama_01_1_BFEFDBA4BFFKWUAV
Prepago_Nominacion_Gral_01_1_DFEFODXB2RDYTOFL
Roaming_06_General_1_CECGSLZGZZDGUDCA
Roaming_06_Subdiagrama_1_HFGDHINVVZBYU50B
Postpago_19_Control_Bono_Datos_Contra_Sal_1_DEFF1BIHL3FFRHEJ
Postpago_19_Control_Cambio_Plan_1_EDAAEQGK23DHVNB0
Postpago_19_Control_Recarga_1_BDDC51AUWFF5XQ2S
Prepago_23_Subdiagrama_Recarga__1E_1_FCHHTHDZTFBMWFAO
Prepago_23_Subdiagrama_Paquetizado_1E_1_DCDGRUJWX3HPTDNQ
Prepago_23_Subdiagrama_Dormidos_1E_1_FFDFPFIIZVHSVUUR
Prepago_23_Subdiagrama_Consumo_1E_1_ECGEDFW2JFA3VRJS
Prepago_23_Gral_1E_1_AEFHMSGNTBGVXOSZ
#################### END of LOG Tue Jul 24 19:32:47 ART 2018 ####################
#################### THIS LOG WAS CREATED Wed Jul 25 16:16:29 ART 2018 ####################
RTDMConfigTest
_SAS_CONTACT_HISTORY_DS2_FLOW
_SAS_DYNAMIC_TREATMENT_DS2_FLOW
_SAS_PRESENTED_TREATMENT_DS2_FLOW
_SAS_RESPONSE_HISTORY_DS2_FLOW
WS_01_SUBDIAGRAMA_1_BBBEIKWKUJF4VWZD
WS_01_GENERAL_1_CCBGJSGUBFFIQYGH
HeavyUser_05_General_1_DHDGB5T4IBE5SW4T
HeavyUser_05_Subdiagrama_1_GABD2RVPUVCFTSPH
Publicidad_01_General_1_AEHAJ0U1YJDCRFYM
Publicidad_01_Subdiagrama_1_HBDBDHN3ZFBKVURC
TEST_GROOVY_CELDA_1_GGHB2AVORRBWW1BI
Pase_10_Subdiagrama_1_BCBDZUE3GRC0UMEI
Pase_10_General_1_GDADVMM3LFELURGH
CalidadRed_07_General_1_ECGBEHH1FJGTR1LI
CalidadRed_07_Subdiagrama_competencia_1_CCBEN1NIZREZTE5D
CalidadRed_07_Subdiagrama_1_GGEFVSIINNBEV2VA
FraudeLDI_01_Subdigrama_1_BBCG4EDEVBCMVRGT
FraudeLDI_01_General_1_HBDCBGZ0XBHETCXL
Elegi_Tu_App_01_1_CAEEUCH4PZEOWFIX
Oferta_Prepago_Subdiagrama_01_1_HCBGHFDLZRFGV1GO
Oferta_Prepago_Gral_01_1_CFDEQEDDPRHLXTF3
Prepago_Nominacion_Subdiagrama_01_1_BFEFDBA4BFFKWUAV
Prepago_Nominacion_Gral_01_1_DFEFODXB2RDYTOFL
Roaming_06_General_1_CECGSLZGZZDGUDCA
Roaming_06_Subdiagrama_1_HFGDHINVVZBYU50B
Postpago_19_Control_Bono_Datos_Contra_Sal_1_DEFF1BIHL3FFRHEJ
Postpago_19_Control_Cambio_Plan_1_EDAAEQGK23DHVNB0
Postpago_19_Control_Recarga_1_BDDC51AUWFF5XQ2S
Prepago_23_Subdiagrama_Recarga__1E_1_FCHHTHDZTFBMWFAO
Prepago_23_Subdiagrama_Paquetizado_1E_1_DCDGRUJWX3HPTDNQ
Prepago_23_Subdiagrama_Dormidos_1E_1_FFDFPFIIZVHSVUUR
Prepago_23_Subdiagrama_Consumo_1E_1_ECGEDFW2JFA3VRJS
Prepago_23_Gral_1E_1_AEFHMSGNTBGVXOSZ
#################### END of LOG Wed Jul 25 16:16:29 ART 2018 ####################
#################### THIS LOG WAS CREATED Wed Jul 25 16:16:29 ART 2018 ####################
RTDMConfigTest
_SAS_CONTACT_HISTORY_DS2_FLOW
_SAS_DYNAMIC_TREATMENT_DS2_FLOW
_SAS_PRESENTED_TREATMENT_DS2_FLOW
_SAS_RESPONSE_HISTORY_DS2_FLOW
WS_01_SUBDIAGRAMA_1_BBBEIKWKUJF4VWZD
WS_01_GENERAL_1_CCBGJSGUBFFIQYGH
HeavyUser_05_General_1_DHDGB5T4IBE5SW4T
HeavyUser_05_Subdiagrama_1_GABD2RVPUVCFTSPH
Publicidad_01_General_1_AEHAJ0U1YJDCRFYM
Publicidad_01_Subdiagrama_1_HBDBDHN3ZFBKVURC
TEST_GROOVY_CELDA_1_GGHB2AVORRBWW1BI
Pase_10_Subdiagrama_1_BCBDZUE3GRC0UMEI
Pase_10_General_1_GDADVMM3LFELURGH
CalidadRed_07_General_1_ECGBEHH1FJGTR1LI
CalidadRed_07_Subdiagrama_competencia_1_CCBEN1NIZREZTE5D
CalidadRed_07_Subdiagrama_1_GGEFVSIINNBEV2VA
FraudeLDI_01_Subdigrama_1_BBCG4EDEVBCMVRGT
FraudeLDI_01_General_1_HBDCBGZ0XBHETCXL
Elegi_Tu_App_01_1_CAEEUCH4PZEOWFIX
Oferta_Prepago_Subdiagrama_01_1_HCBGHFDLZRFGV1GO
Oferta_Prepago_Gral_01_1_CFDEQEDDPRHLXTF3
Prepago_Nominacion_Subdiagrama_01_1_BFEFDBA4BFFKWUAV
Prepago_Nominacion_Gral_01_1_DFEFODXB2RDYTOFL
Roaming_06_General_1_CECGSLZGZZDGUDCA
Roaming_06_Subdiagrama_1_HFGDHINVVZBYU50B
Postpago_19_Control_Bono_Datos_Contra_Sal_1_DEFF1BIHL3FFRHEJ
Postpago_19_Control_Cambio_Plan_1_EDAAEQGK23DHVNB0
Postpago_19_Control_Recarga_1_BDDC51AUWFF5XQ2S
Prepago_23_Subdiagrama_Recarga__1E_1_FCHHTHDZTFBMWFAO
Prepago_23_Subdiagrama_Paquetizado_1E_1_DCDGRUJWX3HPTDNQ
Prepago_23_Subdiagrama_Dormidos_1E_1_FFDFPFIIZVHSVUUR
Prepago_23_Subdiagrama_Consumo_1E_1_ECGEDFW2JFA3VRJS
Prepago_23_Gral_1E_1_AEFHMSGNTBGVXOSZ
#################### END of LOG Wed Jul 25 16:16:29 ART 2018 ####################
#################### THIS LOG WAS CREATED Wed Jul 25 16:16:29 ART 2018 ####################
RTDMConfigTest
_SAS_CONTACT_HISTORY_DS2_FLOW
_SAS_DYNAMIC_TREATMENT_DS2_FLOW
_SAS_PRESENTED_TREATMENT_DS2_FLOW
_SAS_RESPONSE_HISTORY_DS2_FLOW
WS_01_SUBDIAGRAMA_1_BBBEIKWKUJF4VWZD
WS_01_GENERAL_1_CCBGJSGUBFFIQYGH
HeavyUser_05_General_1_DHDGB5T4IBE5SW4T
HeavyUser_05_Subdiagrama_1_GABD2RVPUVCFTSPH
Publicidad_01_General_1_AEHAJ0U1YJDCRFYM
Publicidad_01_Subdiagrama_1_HBDBDHN3ZFBKVURC
TEST_GROOVY_CELDA_1_GGHB2AVORRBWW1BI
Pase_10_Subdiagrama_1_BCBDZUE3GRC0UMEI
Pase_10_General_1_GDADVMM3LFELURGH
CalidadRed_07_General_1_ECGBEHH1FJGTR1LI
CalidadRed_07_Subdiagrama_competencia_1_CCBEN1NIZREZTE5D
CalidadRed_07_Subdiagrama_1_GGEFVSIINNBEV2VA
FraudeLDI_01_Subdigrama_1_BBCG4EDEVBCMVRGT
FraudeLDI_01_General_1_HBDCBGZ0XBHETCXL
Elegi_Tu_App_01_1_CAEEUCH4PZEOWFIX
Oferta_Prepago_Subdiagrama_01_1_HCBGHFDLZRFGV1GO
Oferta_Prepago_Gral_01_1_CFDEQEDDPRHLXTF3
Prepago_Nominacion_Subdiagrama_01_1_BFEFDBA4BFFKWUAV
Prepago_Nominacion_Gral_01_1_DFEFODXB2RDYTOFL
Roaming_06_General_1_CECGSLZGZZDGUDCA
Roaming_06_Subdiagrama_1_HFGDHINVVZBYU50B
Postpago_19_Control_Bono_Datos_Contra_Sal_1_DEFF1BIHL3FFRHEJ
Postpago_19_Control_Cambio_Plan_1_EDAAEQGK23DHVNB0
Postpago_19_Control_Recarga_1_BDDC51AUWFF5XQ2S
#################### END of LOG Wed Jul 25 16:16:29 ART 2018 ####################
#################### THIS LOG WAS CREATED Thu Aug 16 12:54:03 ART 2018 ####################
RTDMConfigTest
_SAS_CONTACT_HISTORY_DS2_FLOW
_SAS_DYNAMIC_TREATMENT_DS2_FLOW
_SAS_PRESENTED_TREATMENT_DS2_FLOW
_SAS_RESPONSE_HISTORY_DS2_FLOW
WS_01_SUBDIAGRAMA_1_BBBEIKWKUJF4VWZD
WS_01_GENERAL_1_CCBGJSGUBFFIQYGH
HeavyUser_05_General_1_DHDGB5T4IBE5SW4T
HeavyUser_05_Subdiagrama_1_GABD2RVPUVCFTSPH
Publicidad_01_General_1_AEHAJ0U1YJDCRFYM
Publicidad_01_Subdiagrama_1_HBDBDHN3ZFBKVURC
TEST_GROOVY_CELDA_1_GGHB2AVORRBWW1BI
Pase_10_Subdiagrama_1_BCBDZUE3GRC0UMEI
Pase_10_General_1_GDADVMM3LFELURGH
CalidadRed_07_General_1_ECGBEHH1FJGTR1LI
CalidadRed_07_Subdiagrama_competencia_1_CCBEN1NIZREZTE5D
CalidadRed_07_Subdiagrama_1_GGEFVSIINNBEV2VA
FraudeLDI_01_Subdigrama_1_BBCG4EDEVBCMVRGT
FraudeLDI_01_General_1_HBDCBGZ0XBHETCXL
Elegi_Tu_App_01_1_CAEEUCH4PZEOWFIX
Oferta_Prepago_Subdiagrama_01_1_HCBGHFDLZRFGV1GO
Oferta_Prepago_Gral_01_1_CFDEQEDDPRHLXTF3
Prepago_Nominacion_Subdiagrama_01_1_BFEFDBA4BFFKWUAV
Prepago_Nominacion_Gral_01_1_DFEFODXB2RDYTOFL
Roaming_06_General_1_CECGSLZGZZDGUDCA
Roaming_06_Subdiagrama_1_HFGDHINVVZBYU50B
Postpago_19_Control_Bono_Datos_Contra_Sal_1_DEFF1BIHL3FFRHEJ
Postpago_19_Control_Cambio_Plan_1_EDAAEQGK23DHVNB0
Postpago_19_Control_Recarga_1_BDDC51AUWFF5XQ2S
Prepago_23_Subdiagrama_Recarga__1E_1_FCHHTHDZTFBMWFAO
Prepago_23_Subdiagrama_Paquetizado_1E_1_DCDGRUJWX3HPTDNQ
Prepago_23_Subdiagrama_Dormidos_1E_1_FFDFPFIIZVHSVUUR
Prepago_23_Subdiagrama_Consumo_1E_1_ECGEDFW2JFA3VRJS
Prepago_23_Gral_1E_1_AEFHMSGNTBGVXOSZ
#################### END of LOG Thu Aug 16 12:54:03 ART 2018 ####################
#################### THIS LOG WAS CREATED Wed Sep 19 12:10:12 ART 2018 ####################
RTDMConfigTest
_SAS_CONTACT_HISTORY_DS2_FLOW
_SAS_DYNAMIC_TREATMENT_DS2_FLOW
_SAS_PRESENTED_TREATMENT_DS2_FLOW
_SAS_RESPONSE_HISTORY_DS2_FLOW
WS_01_SUBDIAGRAMA_1_BBBEIKWKUJF4VWZD
WS_01_GENERAL_1_CCBGJSGUBFFIQYGH
HeavyUser_05_General_1_DHDGB5T4IBE5SW4T
HeavyUser_05_Subdiagrama_1_GABD2RVPUVCFTSPH
Publicidad_01_General_1_AEHAJ0U1YJDCRFYM
Publicidad_01_Subdiagrama_1_HBDBDHN3ZFBKVURC
TEST_GROOVY_CELDA_1_GGHB2AVORRBWW1BI
Pase_10_Subdiagrama_1_BCBDZUE3GRC0UMEI
Pase_10_General_1_GDADVMM3LFELURGH
CalidadRed_07_General_1_ECGBEHH1FJGTR1LI
CalidadRed_07_Subdiagrama_competencia_1_CCBEN1NIZREZTE5D
CalidadRed_07_Subdiagrama_1_GGEFVSIINNBEV2VA
FraudeLDI_01_Subdigrama_1_BBCG4EDEVBCMVRGT
FraudeLDI_01_General_1_HBDCBGZ0XBHETCXL
Elegi_Tu_App_01_1_CAEEUCH4PZEOWFIX
Oferta_Prepago_Subdiagrama_01_1_HCBGHFDLZRFGV1GO
Oferta_Prepago_Gral_01_1_CFDEQEDDPRHLXTF3
Prepago_Nominacion_Subdiagrama_01_1_BFEFDBA4BFFKWUAV
Prepago_Nominacion_Gral_01_1_DFEFODXB2RDYTOFL
Roaming_06_General_1_CECGSLZGZZDGUDCA
Roaming_06_Subdiagrama_1_HFGDHINVVZBYU50B
Postpago_19_Control_Bono_Datos_Contra_Sal_1_DEFF1BIHL3FFRHEJ
Postpago_19_Control_Cambio_Plan_1_EDAAEQGK23DHVNB0
Postpago_19_Control_Recarga_1_BDDC51AUWFF5XQ2S
Prepago_24_Subdiagrama_Recarga__1a_1_EFDCZRESIVDPVIY4
Prepago_24_Gral_1a_1_GAAAV02OQVC0QTTA
Prepago_24_Subdiagrama_Dormidos_1a_1_HEBEZXRMDVAKVQIH
Prepago_24_Subdiagrama_Paquetizado_1a_1_GAHAGQEPVFHTS0RF
Prepago_24_Subdiagrama_Consumo_1a_1_DBFFC0OYSBDUUDVG
#################### END of LOG Wed Sep 19 12:10:12 ART 2018 ####################
#################### THIS LOG WAS CREATED Fri Sep 21 14:49:26 ART 2018 ####################
RTDMConfigTest
_SAS_CONTACT_HISTORY_DS2_FLOW
_SAS_DYNAMIC_TREATMENT_DS2_FLOW
_SAS_PRESENTED_TREATMENT_DS2_FLOW
_SAS_RESPONSE_HISTORY_DS2_FLOW
WS_01_SUBDIAGRAMA_1_BBBEIKWKUJF4VWZD
WS_01_GENERAL_1_CCBGJSGUBFFIQYGH
HeavyUser_05_General_1_DHDGB5T4IBE5SW4T
HeavyUser_05_Subdiagrama_1_GABD2RVPUVCFTSPH
Publicidad_01_General_1_AEHAJ0U1YJDCRFYM
Publicidad_01_Subdiagrama_1_HBDBDHN3ZFBKVURC
TEST_GROOVY_CELDA_1_GGHB2AVORRBWW1BI
Pase_10_Subdiagrama_1_BCBDZUE3GRC0UMEI
Pase_10_General_1_GDADVMM3LFELURGH
CalidadRed_07_General_1_ECGBEHH1FJGTR1LI
CalidadRed_07_Subdiagrama_competencia_1_CCBEN1NIZREZTE5D
CalidadRed_07_Subdiagrama_1_GGEFVSIINNBEV2VA
FraudeLDI_01_Subdigrama_1_BBCG4EDEVBCMVRGT
FraudeLDI_01_General_1_HBDCBGZ0XBHETCXL
Elegi_Tu_App_01_1_CAEEUCH4PZEOWFIX
Oferta_Prepago_Subdiagrama_01_1_HCBGHFDLZRFGV1GO
Oferta_Prepago_Gral_01_1_CFDEQEDDPRHLXTF3
Prepago_Nominacion_Subdiagrama_01_1_BFEFDBA4BFFKWUAV
Prepago_Nominacion_Gral_01_1_DFEFODXB2RDYTOFL
Roaming_06_General_1_CECGSLZGZZDGUDCA
Roaming_06_Subdiagrama_1_HFGDHINVVZBYU50B
Postpago_19_Control_Bono_Datos_Contra_Sal_1_DEFF1BIHL3FFRHEJ
Postpago_19_Control_Cambio_Plan_1_EDAAEQGK23DHVNB0
Postpago_19_Control_Recarga_1_BDDC51AUWFF5XQ2S
Prepago_24_Subdiagrama_Recarga__1a_1_EFDCZRESIVDPVIY4
Prepago_24_Gral_1a_1_GAAAV02OQVC0QTTA
Prepago_24_Subdiagrama_Dormidos_1a_1_HEBEZXRMDVAKVQIH
Prepago_24_Subdiagrama_Paquetizado_1a_1_GAHAGQEPVFHTS0RF
Prepago_24_Subdiagrama_Consumo_1a_1_DBFFC0OYSBDUUDVG
#################### END of LOG Fri Sep 21 14:49:26 ART 2018 ####################
#################### THIS LOG WAS CREATED Thu Sep 27 15:36:27 ART 2018 ####################
RTDMConfigTest
_SAS_CONTACT_HISTORY_DS2_FLOW
_SAS_DYNAMIC_TREATMENT_DS2_FLOW
_SAS_PRESENTED_TREATMENT_DS2_FLOW
_SAS_RESPONSE_HISTORY_DS2_FLOW
WS_01_SUBDIAGRAMA_1_BBBEIKWKUJF4VWZD
WS_01_GENERAL_1_CCBGJSGUBFFIQYGH
HeavyUser_05_General_1_DHDGB5T4IBE5SW4T
HeavyUser_05_Subdiagrama_1_GABD2RVPUVCFTSPH
Publicidad_01_General_1_AEHAJ0U1YJDCRFYM
Publicidad_01_Subdiagrama_1_HBDBDHN3ZFBKVURC
TEST_GROOVY_CELDA_1_GGHB2AVORRBWW1BI
Pase_10_Subdiagrama_1_BCBDZUE3GRC0UMEI
Pase_10_General_1_GDADVMM3LFELURGH
CalidadRed_07_General_1_ECGBEHH1FJGTR1LI
CalidadRed_07_Subdiagrama_competencia_1_CCBEN1NIZREZTE5D
CalidadRed_07_Subdiagrama_1_GGEFVSIINNBEV2VA
FraudeLDI_01_Subdigrama_1_BBCG4EDEVBCMVRGT
FraudeLDI_01_General_1_HBDCBGZ0XBHETCXL
Elegi_Tu_App_01_1_CAEEUCH4PZEOWFIX
Oferta_Prepago_Subdiagrama_01_1_HCBGHFDLZRFGV1GO
Oferta_Prepago_Gral_01_1_CFDEQEDDPRHLXTF3
Prepago_Nominacion_Subdiagrama_01_1_BFEFDBA4BFFKWUAV
Prepago_Nominacion_Gral_01_1_DFEFODXB2RDYTOFL
Roaming_06_General_1_CECGSLZGZZDGUDCA
Roaming_06_Subdiagrama_1_HFGDHINVVZBYU50B
Postpago_19_Control_Bono_Datos_Contra_Sal_1_DEFF1BIHL3FFRHEJ
Postpago_19_Control_Cambio_Plan_1_EDAAEQGK23DHVNB0
Postpago_19_Control_Recarga_1_BDDC51AUWFF5XQ2S
Prepago_24_Subdiagrama_Recarga__1a_1_EFDCZRESIVDPVIY4
Prepago_24_Gral_1a_1_GAAAV02OQVC0QTTA
Prepago_24_Subdiagrama_Dormidos_1a_1_HEBEZXRMDVAKVQIH
Prepago_24_Subdiagrama_Paquetizado_1a_1_GAHAGQEPVFHTS0RF
Prepago_24_Subdiagrama_Consumo_1a_1_DBFFC0OYSBDUUDVG
#################### END of LOG Thu Sep 27 15:36:27 ART 2018 ####################
#################### THIS LOG WAS CREATED Fri Oct 5 16:11:28 ART 2018 ####################
RTDMConfigTest
_SAS_CONTACT_HISTORY_DS2_FLOW
_SAS_DYNAMIC_TREATMENT_DS2_FLOW
_SAS_PRESENTED_TREATMENT_DS2_FLOW
_SAS_RESPONSE_HISTORY_DS2_FLOW
WS_01_SUBDIAGRAMA_1_BBBEIKWKUJF4VWZD
WS_01_GENERAL_1_CCBGJSGUBFFIQYGH
HeavyUser_05_General_1_DHDGB5T4IBE5SW4T
HeavyUser_05_Subdiagrama_1_GABD2RVPUVCFTSPH
Publicidad_01_General_1_AEHAJ0U1YJDCRFYM
Publicidad_01_Subdiagrama_1_HBDBDHN3ZFBKVURC
TEST_GROOVY_CELDA_1_GGHB2AVORRBWW1BI
Pase_10_Subdiagrama_1_BCBDZUE3GRC0UMEI
Pase_10_General_1_GDADVMM3LFELURGH
CalidadRed_07_General_1_ECGBEHH1FJGTR1LI
CalidadRed_07_Subdiagrama_competencia_1_CCBEN1NIZREZTE5D
CalidadRed_07_Subdiagrama_1_GGEFVSIINNBEV2VA
FraudeLDI_01_Subdigrama_1_BBCG4EDEVBCMVRGT
FraudeLDI_01_General_1_HBDCBGZ0XBHETCXL
Elegi_Tu_App_01_1_CAEEUCH4PZEOWFIX
Oferta_Prepago_Subdiagrama_01_1_HCBGHFDLZRFGV1GO
Oferta_Prepago_Gral_01_1_CFDEQEDDPRHLXTF3
Prepago_Nominacion_Subdiagrama_01_1_BFEFDBA4BFFKWUAV
Prepago_Nominacion_Gral_01_1_DFEFODXB2RDYTOFL
Roaming_06_General_1_CECGSLZGZZDGUDCA
Roaming_06_Subdiagrama_1_HFGDHINVVZBYU50B
Postpago_19_Control_Bono_Datos_Contra_Sal_1_DEFF1BIHL3FFRHEJ
Postpago_19_Control_Cambio_Plan_1_EDAAEQGK23DHVNB0
Postpago_19_Control_Recarga_1_BDDC51AUWFF5XQ2S
Prepago_24_Subdiagrama_Recarga__1a_1_EFDCZRESIVDPVIY4
Prepago_24_Gral_1a_1_GAAAV02OQVC0QTTA
Prepago_24_Subdiagrama_Dormidos_1a_1_HEBEZXRMDVAKVQIH
Prepago_24_Subdiagrama_Paquetizado_1a_1_GAHAGQEPVFHTS0RF
Prepago_24_Subdiagrama_Consumo_1a_1_DBFFC0OYSBDUUDVG
#################### END of LOG Fri Oct 5 16:11:28 ART 2018 ####################
#################### THIS LOG WAS CREATED Fri Oct 5 16:21:27 ART 2018 ####################
RTDMConfigTest
_SAS_CONTACT_HISTORY_DS2_FLOW
_SAS_DYNAMIC_TREATMENT_DS2_FLOW
_SAS_PRESENTED_TREATMENT_DS2_FLOW
_SAS_RESPONSE_HISTORY_DS2_FLOW
WS_01_SUBDIAGRAMA_1_BBBEIKWKUJF4VWZD
WS_01_GENERAL_1_CCBGJSGUBFFIQYGH
HeavyUser_05_General_1_DHDGB5T4IBE5SW4T
HeavyUser_05_Subdiagrama_1_GABD2RVPUVCFTSPH
Publicidad_01_General_1_AEHAJ0U1YJDCRFYM
Publicidad_01_Subdiagrama_1_HBDBDHN3ZFBKVURC
TEST_GROOVY_CELDA_1_GGHB2AVORRBWW1BI
Pase_10_Subdiagrama_1_BCBDZUE3GRC0UMEI
Pase_10_General_1_GDADVMM3LFELURGH
CalidadRed_07_General_1_ECGBEHH1FJGTR1LI
CalidadRed_07_Subdiagrama_competencia_1_CCBEN1NIZREZTE5D
CalidadRed_07_Subdiagrama_1_GGEFVSIINNBEV2VA
FraudeLDI_01_Subdigrama_1_BBCG4EDEVBCMVRGT
FraudeLDI_01_General_1_HBDCBGZ0XBHETCXL
Elegi_Tu_App_01_1_CAEEUCH4PZEOWFIX
Oferta_Prepago_Subdiagrama_01_1_HCBGHFDLZRFGV1GO
Oferta_Prepago_Gral_01_1_CFDEQEDDPRHLXTF3
Prepago_Nominacion_Subdiagrama_01_1_BFEFDBA4BFFKWUAV
Prepago_Nominacion_Gral_01_1_DFEFODXB2RDYTOFL
Roaming_06_General_1_CECGSLZGZZDGUDCA
Roaming_06_Subdiagrama_1_HFGDHINVVZBYU50B
Postpago_19_Control_Bono_Datos_Contra_Sal_1_DEFF1BIHL3FFRHEJ
Postpago_19_Control_Cambio_Plan_1_EDAAEQGK23DHVNB0
Postpago_19_Control_Recarga_1_BDDC51AUWFF5XQ2S
Prepago_24_Subdiagrama_Recarga__1a_1_EFDCZRESIVDPVIY4
Prepago_24_Gral_1a_1_GAAAV02OQVC0QTTA
Prepago_24_Subdiagrama_Dormidos_1a_1_HEBEZXRMDVAKVQIH
Prepago_24_Subdiagrama_Paquetizado_1a_1_GAHAGQEPVFHTS0RF
Prepago_24_Subdiagrama_Consumo_1a_1_DBFFC0OYSBDUUDVG
ArbolControl_General_1_AGAG13ZVQFFPXCAC
#################### END of LOG Fri Oct 5 16:21:27 ART 2018 ####################
#################### THIS LOG WAS CREATED Mon Oct 29 10:39:14 ART 2018 ####################
RTDMConfigTest
_SAS_CONTACT_HISTORY_DS2_FLOW
_SAS_DYNAMIC_TREATMENT_DS2_FLOW
_SAS_PRESENTED_TREATMENT_DS2_FLOW
_SAS_RESPONSE_HISTORY_DS2_FLOW
ArbolControl_General_1_AGAG13ZVQFFPXCAC
WS_01_SUBDIAGRAMA_1_BBBEIKWKUJF4VWZD
WS_01_GENERAL_1_CCBGJSGUBFFIQYGH
HeavyUser_05_General_1_DHDGB5T4IBE5SW4T
HeavyUser_05_Subdiagrama_1_GABD2RVPUVCFTSPH
Publicidad_01_General_1_AEHAJ0U1YJDCRFYM
Publicidad_01_Subdiagrama_1_HBDBDHN3ZFBKVURC
TEST_GROOVY_CELDA_1_GGHB2AVORRBWW1BI
Pase_10_Subdiagrama_1_BCBDZUE3GRC0UMEI
Pase_10_General_1_GDADVMM3LFELURGH
CalidadRed_07_General_1_ECGBEHH1FJGTR1LI
CalidadRed_07_Subdiagrama_competencia_1_CCBEN1NIZREZTE5D
CalidadRed_07_Subdiagrama_1_GGEFVSIINNBEV2VA
FraudeLDI_01_Subdigrama_1_BBCG4EDEVBCMVRGT
FraudeLDI_01_General_1_HBDCBGZ0XBHETCXL
Elegi_Tu_App_01_1_CAEEUCH4PZEOWFIX
Oferta_Prepago_Subdiagrama_01_1_HCBGHFDLZRFGV1GO
Oferta_Prepago_Gral_01_1_CFDEQEDDPRHLXTF3
Prepago_Nominacion_Subdiagrama_01_1_BFEFDBA4BFFKWUAV
Prepago_Nominacion_Gral_01_1_DFEFODXB2RDYTOFL
Roaming_06_General_1_CECGSLZGZZDGUDCA
Roaming_06_Subdiagrama_1_HFGDHINVVZBYU50B
Postpago_19_Control_Bono_Datos_Contra_Sal_1_DEFF1BIHL3FFRHEJ
Postpago_19_Control_Cambio_Plan_1_EDAAEQGK23DHVNB0
Postpago_19_Control_Recarga_1_BDDC51AUWFF5XQ2S
Prepago_24_Subdiagrama_Recarga__1B_1_GFCA3COJLFHOWQIS
Prepago_24_Subdiagrama_Consumo_1B_1_HBHCZUSTUNDMQI5N
Prepago_24_Subdiagrama_Paquetizado_1B_1_DFHCN3OUJRDOV0NK
Prepago_24_Subdiagrama_Dormidos_1B_1_GDHFPHB2U3EAUWF1
Prepago_24_Gral_1B_1_GFAD3P0DURG2RS2Y
#################### END of LOG Mon Oct 29 10:39:14 ART 2018 ####################
#################### THIS LOG WAS CREATED Mon Oct 29 10:39:14 ART 2018 ####################
RTDMConfigTest
_SAS_CONTACT_HISTORY_DS2_FLOW
_SAS_DYNAMIC_TREATMENT_DS2_FLOW
_SAS_PRESENTED_TREATMENT_DS2_FLOW
_SAS_RESPONSE_HISTORY_DS2_FLOW
ArbolControl_General_1_AGAG13ZVQFFPXCAC
WS_01_SUBDIAGRAMA_1_BBBEIKWKUJF4VWZD
WS_01_GENERAL_1_CCBGJSGUBFFIQYGH
HeavyUser_05_General_1_DHDGB5T4IBE5SW4T
HeavyUser_05_Subdiagrama_1_GABD2RVPUVCFTSPH
Publicidad_01_General_1_AEHAJ0U1YJDCRFYM
Publicidad_01_Subdiagrama_1_HBDBDHN3ZFBKVURC
TEST_GROOVY_CELDA_1_GGHB2AVORRBWW1BI
Pase_10_Subdiagrama_1_BCBDZUE3GRC0UMEI
Pase_10_General_1_GDADVMM3LFELURGH
CalidadRed_07_General_1_ECGBEHH1FJGTR1LI
CalidadRed_07_Subdiagrama_competencia_1_CCBEN1NIZREZTE5D
CalidadRed_07_Subdiagrama_1_GGEFVSIINNBEV2VA
FraudeLDI_01_Subdigrama_1_BBCG4EDEVBCMVRGT
FraudeLDI_01_General_1_HBDCBGZ0XBHETCXL
Elegi_Tu_App_01_1_CAEEUCH4PZEOWFIX
Oferta_Prepago_Subdiagrama_01_1_HCBGHFDLZRFGV1GO
Oferta_Prepago_Gral_01_1_CFDEQEDDPRHLXTF3
Prepago_Nominacion_Subdiagrama_01_1_BFEFDBA4BFFKWUAV
Prepago_Nominacion_Gral_01_1_DFEFODXB2RDYTOFL
Roaming_06_General_1_CECGSLZGZZDGUDCA
Roaming_06_Subdiagrama_1_HFGDHINVVZBYU50B
Postpago_19_Control_Bono_Datos_Contra_Sal_1_DEFF1BIHL3FFRHEJ
Postpago_19_Control_Cambio_Plan_1_EDAAEQGK23DHVNB0
Postpago_19_Control_Recarga_1_BDDC51AUWFF5XQ2S
Prepago_24_Subdiagrama_Recarga__1B_1_GFCA3COJLFHOWQIS
Prepago_24_Subdiagrama_Consumo_1B_1_HBHCZUSTUNDMQI5N
Prepago_24_Subdiagrama_Paquetizado_1B_1_DFHCN3OUJRDOV0NK
Prepago_24_Subdiagrama_Dormidos_1B_1_GDHFPHB2U3EAUWF1
Prepago_24_Gral_1B_1_GFAD3P0DURG2RS2Y
#################### END of LOG Mon Oct 29 10:39:14 ART 2018 ####################
